TN:
SF:D:\Workarea\iota.eco\iota-pico\pow-nodejs\src\INodePlatform.ts
FNF:0
FNH:0
LF:0
LH:0
BRF:0
BRH:0
end_of_record
TN:
SF:D:\Workarea\iota.eco\iota-pico\pow-nodejs\src\index.ts
FNF:0
FNH:0
LF:0
LH:0
BRF:0
BRH:0
end_of_record
TN:
SF:D:\Workarea\iota.eco\iota-pico\pow-nodejs\src\proofOfWorkNodeJs.ts
FN:33,(anonymous_1)
FN:52,(anonymous_2)
FN:82,(anonymous_3)
FN:83,(anonymous_4)
FN:93,(anonymous_5)
FNF:5
FNH:5
FNDA:11,(anonymous_1)
FNDA:9,(anonymous_2)
FNDA:6,(anonymous_3)
FNDA:6,(anonymous_4)
FNDA:3,(anonymous_5)
DA:1,1
DA:2,1
DA:4,1
DA:5,1
DA:6,1
DA:7,1
DA:8,1
DA:9,1
DA:10,1
DA:11,1
DA:17,1
DA:34,11
DA:36,6
DA:44,5
DA:53,9
DA:55,9
DA:57,9
DA:59,9
DA:61,2
DA:62,6
DA:63,1
DA:66,9
DA:68,8
DA:72,1
DA:83,6
DA:85,1
DA:88,1
DA:91,1
DA:93,3
DA:95,1
DA:97,2
LF:31
LH:31
BRDA:61,0,0,2
BRDA:61,0,1,6
BRDA:61,0,2,1
BRDA:90,1,0,4
BRDA:90,1,1,3
BRF:5
BRH:5
end_of_record
