TN:
SF:D:\Workarea\iotaeco\iota-pico-pow-nodejs\src\index.ts
FNF:0
FNH:0
LF:0
LH:0
BRF:0
BRH:0
end_of_record
TN:
SF:D:\Workarea\iotaeco\iota-pico-pow-nodejs\src\proofOfWork.ts
FN:26,(anonymous_1)
FN:54,(anonymous_2)
FN:55,(anonymous_3)
FN:63,(anonymous_4)
FNF:4
FNH:4
FNDA:1,(anonymous_1)
FNDA:1,(anonymous_2)
FNDA:1,(anonymous_3)
FNDA:1,(anonymous_4)
DA:1,1
DA:2,1
DA:4,1
DA:5,1
DA:6,1
DA:7,1
DA:8,1
DA:9,1
DA:14,1
DA:27,1
DA:29,1
DA:31,1
DA:32,1
DA:33,0
DA:34,1
DA:35,0
DA:38,1
DA:39,1
DA:40,1
DA:44,0
DA:55,1
DA:56,1
DA:57,0
DA:59,1
DA:60,0
DA:63,1
DA:64,1
DA:65,0
DA:67,1
LF:29
LH:23
BRDA:33,0,0,0
BRDA:33,0,1,1
BRDA:33,0,2,0
BRDA:39,1,0,1
BRDA:39,1,1,0
BRDA:39,2,0,1
BRDA:39,2,1,0
BRDA:56,3,0,0
BRDA:56,3,1,1
BRDA:56,4,0,1
BRDA:56,4,1,1
BRDA:59,5,0,0
BRDA:59,5,1,1
BRDA:64,6,0,0
BRDA:64,6,1,1
BRF:15
BRH:8
end_of_record
